2025-08-15 22:21:06,713 - pyswarms.single.global_best - INFO - Optimize for 40 iters with {'c1': 1.5, 'c2': 1.5, 'w': 0.7}
2025-08-15 22:36:08,095 - pyswarms.single.global_best - INFO - Optimize for 1 iters with {'c1': 1.5, 'c2': 1.8, 'w': 0.895}
2025-08-15 22:42:46,367 - pyswarms.single.global_best - INFO - Optimization finished | best cost: -0.21347285410979683, best pos: [8.04887775e+02 1.25606897e+01 3.29019192e-02 8.56234291e-01
 8.83745126e-01 9.74059486e-01 9.76713575e-01 7.96412572e+00
 1.81412405e+02 8.04875573e-01 6.46889094e+01 3.87836243e+02
 6.65992824e+02 1.01614786e+01 8.69012248e+01]
2025-08-15 22:42:46,368 - pyswarms.single.global_best - INFO - Optimize for 1 iters with {'c1': 1.5, 'c2': 1.8, 'w': 0.89}
2025-08-15 22:48:15,862 - pyswarms.single.global_best - INFO - Optimization finished | best cost: -0.21347285410979683, best pos: [8.04981207e+02 1.33246131e+01 1.18120991e-01 1.98948253e-01
 3.40731396e-01 6.91956572e-01 4.16207611e-01 8.39563282e+00
 1.82237527e+02 1.60369735e-01 6.49099658e+01 3.87935920e+02
 6.66385759e+02 1.06835880e+01 8.77591310e+01]
2025-08-15 22:48:15,864 - pyswarms.single.global_best - INFO - Optimize for 1 iters with {'c1': 1.5, 'c2': 1.8, 'w': 0.885}
2025-08-15 22:53:31,876 - pyswarms.single.global_best - INFO - Optimization finished | best cost: -0.21347285410979683, best pos: [8.05002841e+02 1.39715598e+01 9.82282060e-02 5.07569600e-01
 8.26646521e-01 4.53799528e-01 6.61157657e-01 8.54206199e+00
 1.81681718e+02 3.52997498e-01 6.48680023e+01 3.87849659e+02
 6.66698587e+02 1.07634715e+01 8.71140085e+01]
2025-08-15 22:53:31,878 - pyswarms.single.global_best - INFO - Optimize for 1 iters with {'c1': 1.5, 'c2': 1.8, 'w': 0.88}
2025-08-15 22:59:48,437 - pyswarms.single.global_best - INFO - Optimization finished | best cost: -0.21980588413709437, best pos: [2.66564738e+03 1.70272978e+01 2.62029404e-01 6.87082481e-01
 5.82269483e-01 9.07493750e-01 8.23965566e-01 2.83306369e+00
 7.27407631e+01 8.91387194e-01 5.10250635e+01 2.02019487e+02
 2.57226433e+01 9.02578791e-01 2.82232586e+02]
2025-08-15 22:59:48,438 - pyswarms.single.global_best - INFO - Optimize for 1 iters with {'c1': 1.5, 'c2': 1.8, 'w': 0.875}
2025-08-15 23:07:18,878 - pyswarms.single.global_best - INFO - Optimization finished | best cost: -0.21980588413709437, best pos: [2.35388753e+03 1.64223751e+01 5.67375740e-02 8.67338206e-01
 2.37938489e-01 1.62588328e-01 9.17720632e-01 2.07965638e+00
 6.94176139e+01 3.48803374e-01 5.10207518e+01 1.66432993e+02
 3.76614835e+02 7.50837850e+00 2.29739545e+02]
2025-08-15 23:07:18,879 - pyswarms.single.global_best - INFO - Optimize for 1 iters with {'c1': 1.5, 'c2': 1.8, 'w': 0.87}
2025-08-15 23:14:31,864 - pyswarms.single.global_best - INFO - Optimization finished | best cost: -0.21980588413709437, best pos: [1.32042805e+03 1.96831839e+01 4.17612412e-01 5.69198526e-01
 4.57538904e-01 8.18952679e-01 7.00128669e-01 7.20185803e+00
 9.72015094e+02 7.18083388e-01 3.90660300e+01 9.83261568e+02
 5.83682565e+02 4.78504251e+01 4.06825243e+02]
2025-08-15 23:14:31,865 - pyswarms.single.global_best - INFO - Optimize for 1 iters with {'c1': 1.5, 'c2': 1.8, 'w': 0.865}
2025-08-15 23:21:41,155 - pyswarms.single.global_best - INFO - Optimization finished | best cost: -0.21980588413709437, best pos: [2.39596118e+03 1.80492012e+01 1.75992689e-01 3.43615039e-01
 5.90920360e-01 4.32419002e-01 5.49851868e-01 7.94942007e+00
 3.18880648e+02 4.01236250e-02 2.92618088e+01 9.19979791e+02
 8.92214980e+02 2.33446749e+01 3.57255150e+02]
2025-08-15 23:21:41,157 - pyswarms.single.global_best - INFO - Optimize for 1 iters with {'c1': 1.5, 'c2': 1.8, 'w': 0.86}
2025-08-15 23:29:08,881 - pyswarms.single.global_best - INFO - Optimization finished | best cost: -0.21980588413709437, best pos: [2.97989321e+03 1.49594501e+01 4.05573467e-01 5.36163215e-01
 5.84657745e-01 8.71267213e-01 4.26006520e-01 2.46393241e+00
 3.32001974e+02 9.54333093e-01 2.65460086e+01 3.36125906e+02
 2.28297879e+02 3.94868031e+01 2.48173478e+02]
2025-08-15 23:29:08,883 - pyswarms.single.global_best - INFO - Optimize for 1 iters with {'c1': 1.5, 'c2': 1.8, 'w': 0.855}
2025-08-15 23:37:04,708 - pyswarms.single.global_best - INFO - Optimization finished | best cost: -0.21980588413709437, best pos: [9.96874876e+01 1.37503158e+01 3.52133339e-01 7.92366780e-01
 4.52798244e-01 2.63538138e-01 4.89071091e-01 9.28191837e+00
 4.24458212e+02 3.55696486e-01 4.52008214e+01 9.65681335e+02
 9.03668298e+02 1.49664281e+01 1.66690630e+02]
2025-08-15 23:37:04,709 - pyswarms.single.global_best - INFO - Optimize for 1 iters with {'c1': 1.5, 'c2': 1.8, 'w': 0.85}
2025-08-15 23:44:08,828 - pyswarms.single.global_best - INFO - Optimization finished | best cost: -0.22743706399757357, best pos: [2.28653923e+03 1.56695922e+01 2.62239865e-01 4.65842167e-01
 6.77539535e-01 8.59961695e-01 1.49781487e-01 9.27907755e+00
 3.48800742e+02 2.43567360e-01 5.83467786e+01 2.22944663e+02
 2.73839340e+00 4.55256099e+00 3.97240915e+02]
2025-08-15 23:44:08,830 - pyswarms.single.global_best - INFO - Optimize for 1 iters with {'c1': 1.5, 'c2': 1.8, 'w': 0.845}
2025-08-15 23:51:58,020 - pyswarms.single.global_best - INFO - Optimization finished | best cost: -0.22743706399757357, best pos: [2.39621480e+03 1.87220203e+01 1.83767176e-01 3.49427588e-01
 5.59473562e-01 9.96328968e-01 7.99548738e-01 6.63663222e+00
 3.29878516e+02 4.56110492e-01 8.19695070e+01 5.92615982e+02
 5.69681306e+02 1.11379997e+01 4.07699099e+02]
2025-08-15 23:51:58,021 - pyswarms.single.global_best - INFO - Optimize for 1 iters with {'c1': 1.5, 'c2': 1.8, 'w': 0.8400000000000001}
2025-08-15 23:59:30,846 - pyswarms.single.global_best - INFO - Optimization finished | best cost: -0.22743706399757357, best pos: [2.94246711e+03 1.79305276e+01 2.53897463e-01 9.98023438e-01
 7.96427846e-01 6.49306846e-01 4.84679416e-01 9.29916107e+00
 6.20224961e+02 8.49268290e-01 9.36373716e+01 3.06007185e+02
 7.58756813e+02 2.57424050e+01 3.90839330e+01]
2025-08-15 23:59:30,848 - pyswarms.single.global_best - INFO - Optimize for 1 iters with {'c1': 1.5, 'c2': 1.8, 'w': 0.835}
2025-08-16 00:08:16,196 - pyswarms.single.global_best - INFO - Optimization finished | best cost: -0.22743706399757357, best pos: [1.28904242e+03 1.36942506e+01 3.17544470e-01 6.98333712e-01
 7.71386598e-01 1.86173595e-01 1.72932482e-01 3.10144703e+00
 7.27635211e+02 6.26848132e-01 7.43964876e+01 1.39841586e+02
 8.23025191e+02 4.24503515e+01 2.10054206e+02]
2025-08-16 00:08:16,199 - pyswarms.single.global_best - INFO - Optimize for 1 iters with {'c1': 1.5, 'c2': 1.8, 'w': 0.8300000000000001}
2025-08-16 00:17:24,738 - pyswarms.single.global_best - INFO - Optimization finished | best cost: -0.22743706399757357, best pos: [2.59411719e+03 1.20979623e+01 2.99645618e-01 3.08864413e-01
 5.57331659e-01 6.49712389e-01 7.89131508e-01 7.00208409e+00
 9.06140118e+02 8.05361057e-01 3.72671815e+01 1.74427431e+02
 8.80753657e+02 9.82551060e+00 3.42920413e+02]
2025-08-16 00:17:24,741 - pyswarms.single.global_best - INFO - Optimize for 1 iters with {'c1': 1.5, 'c2': 1.8, 'w': 0.8250000000000001}
2025-08-16 00:31:51,301 - pyswarms.single.global_best - INFO - Optimization finished | best cost: -0.22743706399757357, best pos: [2.68649377e+03 1.58236682e+01 2.42639679e-01 2.24240450e-01
 3.97189353e-01 9.29204695e-01 3.41975070e-01 1.41683532e+00
 1.50685889e+02 7.45100360e-02 2.67542338e+01 4.19703064e+02
 1.78972601e+02 4.06371788e+01 3.94638039e+02]
2025-08-16 00:31:51,303 - pyswarms.single.global_best - INFO - Optimize for 1 iters with {'c1': 1.5, 'c2': 1.8, 'w': 0.8200000000000001}
2025-08-16 00:44:16,003 - pyswarms.single.global_best - INFO - Optimization finished | best cost: -0.22743706399757357, best pos: [2.11322657e+03 1.88479483e+01 2.24740786e-01 3.05380727e-01
 3.97318737e-01 9.59162682e-01 8.86071208e-01 4.30772366e+00
 7.48377223e+02 6.63427067e-01 4.01948593e+01 7.40007983e+02
 6.37171378e+01 3.95022842e+01 3.57413337e+02]
2025-08-16 00:44:16,005 - pyswarms.single.global_best - INFO - Optimize for 1 iters with {'c1': 1.5, 'c2': 1.8, 'w': 0.8150000000000001}
2025-08-16 01:08:05,527 - pyswarms.single.global_best - INFO - Optimization finished | best cost: -0.22743706399757357, best pos: [1.49450876e+03 1.63843268e+01 1.45683455e-01 5.29868780e-01
 4.23861587e-01 4.35606232e-01 7.86598030e-01 7.18441610e+00
 9.67130916e+02 7.04797612e-01 4.85468821e+01 4.93684307e+02
 1.79964861e+01 1.78057799e+00 2.75822546e+02]
2025-08-16 01:08:05,531 - pyswarms.single.global_best - INFO - Optimize for 1 iters with {'c1': 1.5, 'c2': 1.8, 'w': 0.81}
2025-08-16 01:28:42,236 - pyswarms.single.global_best - INFO - Optimization finished | best cost: -0.22743706399757357, best pos: [7.47326819e+02 1.38017784e+01 2.95196337e-01 9.31106411e-01
 7.14386364e-01 3.50094679e-01 5.85202037e-01 8.51598999e+00
 8.29930582e+02 4.94971289e-01 7.34531745e+01 6.20236164e+02
 9.75188765e+02 1.89420015e+01 3.24009254e+02]
2025-08-16 01:28:42,240 - pyswarms.single.global_best - INFO - Optimize for 1 iters with {'c1': 1.5, 'c2': 1.8, 'w': 0.805}
2025-08-16 01:51:45,852 - pyswarms.single.global_best - INFO - Optimization finished | best cost: -0.22743706399757357, best pos: [1.32741505e+03 1.27838104e+01 2.70211013e-01 4.24494505e-01
 5.70180496e-01 6.05120874e-01 5.06042336e-01 9.87888774e+00
 3.26501954e+02 3.19762548e-01 5.51516582e+01 2.88803524e+02
 2.19923573e+02 4.78693772e+00 3.98722183e+02]
2025-08-16 01:51:45,855 - pyswarms.single.global_best - INFO - Optimize for 1 iters with {'c1': 1.5, 'c2': 1.8, 'w': 0.8}
2025-08-16 02:08:56,297 - pyswarms.single.global_best - INFO - Optimization finished | best cost: -0.22743706399757357, best pos: [2.74049586e+03 1.42876118e+01 2.43191855e-01 9.23638280e-01
 4.68305992e-01 8.73911026e-01 2.03896917e-01 8.83095623e+00
 1.38421860e+02 3.45072661e-01 4.36315821e+01 2.01910972e+02
 6.94493216e+02 1.25497609e+01 3.63908960e+02]
2025-08-16 02:08:56,300 - pyswarms.single.global_best - INFO - Optimize for 1 iters with {'c1': 1.5, 'c2': 1.8, 'w': 0.795}
2025-08-16 02:24:42,084 - pyswarms.single.global_best - INFO - Optimization finished | best cost: -0.22743706399757357, best pos: [2.57177037e+03 1.60292039e+01 2.25223876e-01 9.51999335e-01
 2.52703824e-01 8.86787429e-01 9.59851573e-01 6.78979766e+00
 3.66214117e+02 4.70362580e-01 3.66768820e+01 3.43323353e+02
 8.67799069e+02 3.40328780e+01 2.47091596e+02]
2025-08-16 02:24:42,089 - pyswarms.single.global_best - INFO - Optimize for 1 iters with {'c1': 1.5, 'c2': 1.8, 'w': 0.79}
2025-08-16 02:39:09,427 - pyswarms.single.global_best - INFO - Optimization finished | best cost: -0.22743706399757357, best pos: [1.59898037e+03 1.72643139e+01 2.31877106e-01 9.69575166e-01
 3.15149788e-01 6.68173469e-01 7.12850893e-01 3.51777222e+00
 7.46370706e+02 7.30946850e-01 4.69958582e+01 5.87289905e+02
 1.77297337e+02 2.89733646e+01 1.85180219e+02]
2025-08-16 02:39:09,432 - pyswarms.single.global_best - INFO - Optimize for 1 iters with {'c1': 1.5, 'c2': 1.8, 'w': 0.785}
2025-08-16 02:55:37,257 - pyswarms.single.global_best - INFO - Optimization finished | best cost: -0.22743706399757357, best pos: [9.43485441e+02 1.56859299e+01 2.63161868e-01 8.96093929e-01
 7.03990197e-01 6.03335033e-01 6.97777571e-01 9.19503425e+00
 2.00979442e+02 1.67865821e-02 6.80044585e+01 7.08386764e+02
 7.50081249e+02 1.14624390e+01 2.40669826e+02]
2025-08-16 02:55:37,264 - pyswarms.single.global_best - INFO - Optimize for 1 iters with {'c1': 1.5, 'c2': 1.8, 'w': 0.78}
2025-08-16 03:11:09,698 - pyswarms.single.global_best - INFO - Optimization finished | best cost: -0.22743706399757357, best pos: [2.21197963e+03 1.44274984e+01 2.87058731e-01 8.49167834e-01
 7.97431682e-01 7.34064931e-01 2.13606309e-01 1.60514798e+00
 8.03700107e+02 8.52756568e-01 6.92754501e+01 8.24684317e+02
 9.28840157e+02 9.91785817e+00 3.92101643e+02]
2025-08-16 03:11:09,700 - pyswarms.single.global_best - INFO - Optimize for 1 iters with {'c1': 1.5, 'c2': 1.8, 'w': 0.775}
2025-08-16 03:23:28,051 - pyswarms.single.global_best - INFO - Optimization finished | best cost: -0.22743706399757357, best pos: [2.61738522e+03 1.54192060e+01 2.91479852e-01 7.10883179e-01
 6.02966122e-01 8.05738928e-01 9.18390005e-01 4.48511663e+00
 4.85148608e+02 3.49279615e-01 5.90659594e+01 5.17453643e+02
 6.59433983e+02 2.32629043e+01 4.12745054e+02]
2025-08-16 03:23:28,053 - pyswarms.single.global_best - INFO - Optimize for 1 iters with {'c1': 1.5, 'c2': 1.8, 'w': 0.77}
2025-08-16 03:36:11,336 - pyswarms.single.global_best - INFO - Optimization finished | best cost: -0.22743706399757357, best pos: [1.96547765e+03 1.62532364e+01 2.46190238e-01 5.88879856e-01
 3.00232932e-01 7.32297123e-01 7.82938474e-01 5.20872382e-01
 1.95638756e+02 8.14103795e-01 4.99034024e+01 3.06300756e+02
 7.47407906e+02 2.64154235e+01 3.20115475e+02]
2025-08-16 03:36:11,338 - pyswarms.single.global_best - INFO - Optimize for 1 iters with {'c1': 1.5, 'c2': 1.8, 'w': 0.765}
2025-08-16 03:45:57,609 - pyswarms.single.global_best - INFO - Optimization finished | best cost: -0.22743706399757357, best pos: [8.59333480e+02 1.68444579e+01 2.26293622e-01 5.07532895e-01
 2.96293847e-01 5.71102557e-01 1.28553121e-01 6.66168676e+00
 2.81178750e+01 2.16425065e-01 4.95021230e+01 2.98797315e+02
 7.84339282e+02 1.58541495e+01 1.47477139e+02]
2025-08-16 03:45:57,610 - pyswarms.single.global_best - INFO - Optimize for 1 iters with {'c1': 1.5, 'c2': 1.8, 'w': 0.76}
2025-08-16 03:53:40,677 - pyswarms.single.global_best - INFO - Optimization finished | best cost: -0.22743706399757357, best pos: [1.73965697e+03 1.30856419e+01 2.08926412e-01 7.42269880e-01
 2.41454059e-01 7.88602617e-01 5.34801612e-01 8.25809333e+00
 7.26599546e+02 2.82688308e-01 5.48422309e+01 9.56065315e+01
 2.77581977e+01 8.49314180e-01 2.97968965e+02]
2025-08-16 03:53:40,678 - pyswarms.single.global_best - INFO - Optimize for 1 iters with {'c1': 1.5, 'c2': 1.8, 'w': 0.755}
2025-08-16 04:04:08,965 - pyswarms.single.global_best - INFO - Optimization finished | best cost: -0.22743706399757357, best pos: [1.01634883e+03 1.42844567e+01 2.91056672e-01 8.04511817e-01
 7.38940214e-01 6.79850162e-01 4.08632787e-01 2.63636928e+00
 5.65662026e+02 2.26602878e-01 6.11470197e+01 8.28917012e+02
 3.63690788e+02 4.51080337e+01 2.53720937e+02]
2025-08-16 04:04:08,967 - pyswarms.single.global_best - INFO - Optimize for 1 iters with {'c1': 1.5, 'c2': 1.8, 'w': 0.75}
2025-08-16 04:15:22,672 - pyswarms.single.global_best - INFO - Optimization finished | best cost: -0.22743706399757357, best pos: [4.94289776e+02 1.43617838e+01 3.00162463e-01 1.23575909e-01
 5.62253916e-01 8.80060106e-01 3.18721347e-01 5.06037973e+00
 6.82619994e+02 8.02176977e-01 6.56855792e+01 6.49633881e+02
 4.21506038e+02 1.14320828e+01 4.10487849e+02]
2025-08-16 04:15:22,674 - pyswarms.single.global_best - INFO - Optimize for 1 iters with {'c1': 1.5, 'c2': 1.8, 'w': 0.745}
2025-08-16 04:28:21,125 - pyswarms.single.global_best - INFO - Optimization finished | best cost: -0.22743706399757357, best pos: [8.29544424e+02 1.52189913e+01 3.05975035e-01 5.13582009e-01
 3.08026050e-01 7.92275806e-01 3.18375804e-01 2.83421118e+00
 6.73857318e+02 9.75061464e-01 6.30801364e+01 1.54266960e+02
 5.73370222e+02 4.76586030e+01 3.85687365e+02]
2025-08-16 04:28:21,127 - pyswarms.single.global_best - INFO - Optimize for 1 iters with {'c1': 1.5, 'c2': 1.8, 'w': 0.74}
2025-08-16 04:35:27,403 - pyswarms.single.global_best - INFO - Optimization finished | best cost: -0.22743706399757357, best pos: [2.13453356e+03 1.62271422e+01 2.34037459e-01 1.27030157e-01
 4.18912035e-01 5.52391999e-01 4.28009315e-01 8.38978110e+00
 6.53972948e+02 8.12639242e-01 5.46890206e+01 9.96033127e+01
 4.31377460e+02 2.70854832e+00 2.50348820e+02]
2025-08-16 04:35:27,405 - pyswarms.single.global_best - INFO - Optimize for 1 iters with {'c1': 1.5, 'c2': 1.8, 'w': 0.735}
2025-08-16 04:42:30,971 - pyswarms.single.global_best - INFO - Optimization finished | best cost: -0.22743706399757357, best pos: [2.43025787e+03 1.65684173e+01 2.20530030e-01 2.64863853e-01
 6.96412069e-01 6.67344323e-01 4.63586870e-01 1.50097680e+00
 1.04722293e+02 2.75629080e-02 5.47422621e+01 5.34640056e+02
 2.31938694e+02 3.35925786e+01 1.40650334e+02]
2025-08-16 04:42:30,972 - pyswarms.single.global_best - INFO - Optimize for 1 iters with {'c1': 1.5, 'c2': 1.8, 'w': 0.73}
2025-08-16 04:50:07,282 - pyswarms.single.global_best - INFO - Optimization finished | best cost: -0.22743706399757357, best pos: [1.84992298e+03 1.61571218e+01 2.53589324e-01 6.78000944e-01
 6.30661155e-01 7.14484339e-01 5.71412433e-01 8.69230097e-02
 8.99265645e+02 7.58412874e-02 5.96077299e+01 9.91643015e+02
 4.69385374e+02 2.64933634e+01 2.66599014e+02]
2025-08-16 04:50:07,284 - pyswarms.single.global_best - INFO - Optimize for 1 iters with {'c1': 1.5, 'c2': 1.8, 'w': 0.7250000000000001}
2025-08-16 04:57:49,177 - pyswarms.single.global_best - INFO - Optimization finished | best cost: -0.22743706399757357, best pos: [1.27542908e+03 1.50193868e+01 2.81904877e-01 6.84105574e-01
 3.48373064e-01 7.23561737e-01 7.36825570e-01 6.50011930e+00
 4.59124975e+02 3.82549153e-01 6.29896454e+01 8.88025759e+02
 6.15522269e+02 1.47412294e+01 2.72092913e+02]
2025-08-16 04:57:49,178 - pyswarms.single.global_best - INFO - Optimize for 1 iters with {'c1': 1.5, 'c2': 1.8, 'w': 0.72}
2025-08-16 05:06:01,785 - pyswarms.single.global_best - INFO - Optimization finished | best cost: -0.22743706399757357, best pos: [1.62923503e+03 1.46490549e+01 2.97657359e-01 5.69636687e-01
 9.55808400e-01 5.52241300e-01 2.25642667e-01 9.63646713e+00
 9.43725783e+02 7.05538554e-01 6.11573705e+01 8.94461306e+01
 6.67086852e+02 5.85232773e+00 3.42553396e+02]
2025-08-16 05:06:01,787 - pyswarms.single.global_best - INFO - Optimize for 1 iters with {'c1': 1.5, 'c2': 1.8, 'w': 0.7150000000000001}
2025-08-16 05:14:10,936 - pyswarms.single.global_best - INFO - Optimization finished | best cost: -0.22743706399757357, best pos: [1.69328331e+03 1.54765154e+01 2.99996357e-01 3.33002367e-01
 4.06850867e-01 5.04708254e-01 8.74338493e-01 8.56666207e+00
 6.49179317e+02 8.75614236e-01 5.75831782e+01 9.45773211e+02
 1.81963691e+02 1.30967151e+01 3.56841984e+02]
2025-08-16 05:14:10,938 - pyswarms.single.global_best - INFO - Optimize for 1 iters with {'c1': 1.5, 'c2': 1.8, 'w': 0.71}
2025-08-16 05:20:57,944 - pyswarms.single.global_best - INFO - Optimization finished | best cost: -0.22743706399757357, best pos: [1.29178347e+03 1.60835733e+01 2.54827605e-01 2.82918630e-01
 1.40833621e-01 6.80930148e-01 7.94470611e-01 5.94037167e+00
 1.83753289e+02 5.06928753e-01 5.52994670e+01 3.15394115e+02
 3.33125004e+02 2.48260593e+01 2.44583006e+02]
2025-08-16 05:20:57,945 - pyswarms.single.global_best - INFO - Optimize for 1 iters with {'c1': 1.5, 'c2': 1.8, 'w': 0.7050000000000001}
2025-08-16 05:28:26,074 - pyswarms.single.global_best - INFO - Optimization finished | best cost: -0.22743706399757357, best pos: [6.07902480e+02 1.60993245e+01 2.30749583e-01 4.40776914e-01
 8.45319623e-01 7.09891052e-01 5.61983881e-01 6.49058093e+00
 3.12424885e+02 1.13775249e-01 5.83802132e+01 1.06562741e+02
 4.48357187e+02 1.44132520e+01 2.86751504e+02]
2025-08-16 05:28:26,076 - pyswarms.single.global_best - INFO - Optimize for 1 iters with {'c1': 1.5, 'c2': 1.8, 'w': 0.7}
2025-08-16 05:35:07,562 - pyswarms.single.global_best - INFO - Optimization finished | best cost: -0.22743706399757357, best pos: [2.15150317e+03 1.56361618e+01 2.29269508e-01 5.76473361e-01
 3.35148125e-01 6.92557581e-01 9.87434372e-01 5.60595914e+00
 7.30185608e+02 3.06365022e-01 6.05493948e+01 3.03217415e+02
 8.70397127e+02 8.51203152e+00 2.45916444e+02]
2025-08-16 05:35:07,564 - pyswarms.single.global_best - INFO - Optimize for 1 iters with {'c1': 1.5, 'c2': 1.8, 'w': 0.6950000000000001}
2025-08-16 05:43:13,381 - pyswarms.single.global_best - INFO - Optimization finished | best cost: -0.22743706399757357, best pos: [2.56466496e+03 1.53462996e+01 2.72345316e-01 5.99543502e-01
 8.03863865e-01 6.87860086e-01 4.39298794e-01 6.65951457e+00
 1.75447691e+02 7.24398481e-01 6.17496925e+01 6.28379675e+02
 9.33523712e+02 1.88617736e+01 3.14778271e+02]
2025-08-16 05:43:13,383 - pyswarms.single.global_best - INFO - Optimize for 1 iters with {'c1': 1.5, 'c2': 1.8, 'w': 0.6900000000000001}
2025-08-16 05:50:00,984 - pyswarms.single.global_best - INFO - Optimization finished | best cost: -0.22743706399757357, best pos: [1.76613581e+03 1.55672292e+01 2.87176433e-01 5.32494658e-01
 2.18652668e-01 6.29243809e-01 1.26992645e-01 5.81904467e+00
 5.26008723e+01 1.63348651e-01 6.18125955e+01 9.90045631e+02
 9.73459611e+02 2.76386896e+01 2.75539393e+02]
2025-08-16 05:50:00,986 - pyswarms.single.global_best - INFO - Optimize for 1 iters with {'c1': 1.5, 'c2': 1.8, 'w': 0.685}
2025-08-16 05:56:53,335 - pyswarms.single.global_best - INFO - Optimization finished | best cost: -0.22743706399757357, best pos: [3.79863870e+02 1.57563562e+01 2.82343377e-01 3.67240100e-01
 8.31752346e-01 4.59322279e-01 2.25257246e-01 5.73731374e+00
 9.85258595e+01 8.63155243e-01 6.13179452e+01 9.60861586e+02
 5.43745430e+02 9.16851017e+00 1.09283564e+02]
2025-08-16 05:56:53,336 - pyswarms.single.global_best - INFO - Optimize for 1 iters with {'c1': 1.5, 'c2': 1.8, 'w': 0.68}
2025-08-16 06:04:10,120 - pyswarms.single.global_best - INFO - Optimization finished | best cost: -0.22743706399757357, best pos: [1.57461299e+03 1.58681782e+01 2.46877888e-01 3.66315812e-01
 1.26861052e-01 3.09661159e-01 5.17490355e-01 5.74603829e+00
 5.36439444e+02 6.14874443e-01 5.84299969e+01 6.97173892e+02
 4.65320974e+02 8.84018173e+00 2.30859766e+02]
2025-08-16 06:04:10,122 - pyswarms.single.global_best - INFO - Optimize for 1 iters with {'c1': 1.5, 'c2': 1.8, 'w': 0.675}
2025-08-16 06:12:31,542 - pyswarms.single.global_best - INFO - Optimization finished | best cost: -0.22743706399757357, best pos: [4.41047918e+02 1.58723280e+01 2.50095111e-01 3.79614057e-01
 3.22219829e-01 3.08260939e-01 8.07242821e-01 4.33877172e+00
 7.17078122e+02 3.31194645e-01 5.63636871e+01 4.36008457e+02
 4.55741280e+02 1.82459501e+01 4.48876758e+02]
2025-08-16 06:12:31,545 - pyswarms.single.global_best - INFO - Optimize for 1 iters with {'c1': 1.5, 'c2': 1.8, 'w': 0.67}
2025-08-16 06:20:05,344 - pyswarms.single.global_best - INFO - Optimization finished | best cost: -0.22743706399757357, best pos: [2.24349855e+03 1.56550906e+01 2.71252424e-01 5.36596389e-01
 5.72251467e-01 1.57101432e-01 3.61209562e-01 8.55286851e-01
 1.76610641e+02 1.32921271e-01 5.66310312e+01 5.59263942e+02
 5.69571155e+02 3.08994825e+01 4.02004431e+02]
2025-08-16 06:20:05,346 - pyswarms.single.global_best - INFO - Optimize for 1 iters with {'c1': 1.5, 'c2': 1.8, 'w': 0.665}
2025-08-16 06:26:24,985 - pyswarms.single.global_best - INFO - Optimization finished | best cost: -0.22743706399757357, best pos: [5.77084407e+02 1.55217942e+01 2.85048096e-01 6.30263103e-01
 5.23009099e-01 7.37348877e-01 3.47934865e-01 6.26546173e+00
 9.51599646e+02 1.95980903e-01 5.79541032e+01 7.45174940e+02
 2.97614806e+02 1.17267539e+01 2.11416572e+02]
2025-08-16 06:26:24,987 - pyswarms.single.global_best - INFO - Optimize for 1 iters with {'c1': 1.5, 'c2': 1.8, 'w': 0.66}
2025-08-16 06:33:50,072 - pyswarms.single.global_best - INFO - Optimization finished | best cost: -0.22743706399757357, best pos: [4.70861300e+02 1.55168520e+01 2.80548433e-01 5.83824819e-01
 4.23851055e-01 9.48375060e-01 4.70367183e-01 8.35262453e+00
 3.57873847e+02 2.86585660e-01 5.91429632e+01 4.72548393e+02
 2.03874626e+02 5.38270136e+00 2.47597284e+02]
2025-08-16 06:33:50,073 - pyswarms.single.global_best - INFO - Optimize for 1 iters with {'c1': 1.5, 'c2': 1.8, 'w': 0.655}
2025-08-16 06:39:57,982 - pyswarms.single.global_best - INFO - Optimization finished | best cost: -0.22743706399757357, best pos: [6.20636582e+01 1.55873896e+01 2.59792686e-01 4.06927462e-01
 5.08701478e-01 6.55935329e-01 7.20185392e-01 6.91010552e+00
 9.61309878e+02 2.78324910e-01 5.92678378e+01 2.99885732e+02
 1.44213319e+02 1.74372163e+01 3.25456848e+02]
2025-08-16 06:39:57,984 - pyswarms.single.global_best - INFO - Optimize for 1 iters with {'c1': 1.5, 'c2': 1.8, 'w': 0.65}
2025-08-16 06:46:44,210 - pyswarms.single.global_best - INFO - Optimization finished | best cost: -0.22743706399757357, best pos: [8.04619117e+02 1.57215982e+01 2.50236487e-01 3.62871726e-01
 3.60013793e-01 5.06306142e-01 2.02177268e-01 2.80217964e+00
 1.41883124e+02 2.59421903e-01 5.90610602e+01 4.21945922e+02
 2.23884128e+02 3.95987871e+01 2.31597918e+02]
2025-08-16 06:46:44,211 - pyswarms.single.global_best - INFO - Optimize for 1 iters with {'c1': 1.5, 'c2': 1.8, 'w': 0.645}
2025-08-16 06:53:53,969 - pyswarms.single.global_best - INFO - Optimization finished | best cost: -0.22743706399757357, best pos: [1.50265067e+03 1.57628694e+01 2.44207547e-01 4.47758820e-01
 3.90823410e-01 5.74509770e-01 9.86672403e-01 6.37654907e+00
 8.94545152e+02 2.42577847e-01 5.76878885e+01 7.75871763e+02
 2.57936652e+02 1.40674986e+01 2.67448830e+02]
2025-08-16 06:53:53,971 - pyswarms.single.global_best - INFO - Optimize for 1 iters with {'c1': 1.5, 'c2': 1.8, 'w': 0.64}
2025-08-16 07:00:34,267 - pyswarms.single.global_best - INFO - Optimization finished | best cost: -0.22743706399757357, best pos: [1.16807691e+03 1.56715265e+01 2.55793151e-01 5.25863404e-01
 5.66296823e-01 4.56530298e-01 1.39949282e-01 6.19700856e+00
 5.64830073e+02 2.31818417e-01 5.69959803e+01 7.68520637e+02
 4.31711979e+02 6.23316403e+00 1.58754913e+02]
2025-08-16 07:00:34,269 - pyswarms.single.global_best - INFO - Optimize for 1 iters with {'c1': 1.5, 'c2': 1.8, 'w': 0.635}
2025-08-16 07:07:59,939 - pyswarms.single.global_best - INFO - Optimization finished | best cost: -0.22743706399757357, best pos: [1.36143222e+03 1.56109387e+01 2.69055350e-01 4.79785507e-01
 3.58519815e-01 4.99241640e-01 8.34008049e-01 3.86337717e+00
 1.00137711e+02 2.40046035e-01 5.69475723e+01 1.47840198e+02
 1.74930635e+02 1.70346966e+01 4.63615402e+02]
2025-08-16 07:07:59,941 - pyswarms.single.global_best - INFO - Optimize for 1 iters with {'c1': 1.5, 'c2': 1.8, 'w': 0.63}
2025-08-16 07:16:11,732 - pyswarms.single.global_best - INFO - Optimization finished | best cost: -0.22743706399757357, best pos: [1.61886011e+03 1.56645856e+01 2.66927905e-01 4.29453528e-01
 9.67856709e-01 8.04007451e-01 9.68481716e-01 1.90660271e-01
 1.83914694e+02 2.47642619e-01 5.92509678e+01 2.37184898e+02
 2.73827294e+02 3.03324187e+01 1.68348184e+02]
2025-08-16 07:16:11,734 - pyswarms.single.global_best - INFO - Optimize for 1 iters with {'c1': 1.5, 'c2': 1.8, 'w': 0.625}
2025-08-16 07:23:36,261 - pyswarms.single.global_best - INFO - Optimization finished | best cost: -0.22743706399757357, best pos: [1.66730339e+03 1.57057797e+01 2.65283237e-01 4.14156002e-01
 3.89505504e-01 7.56498055e-01 3.95058122e-01 8.96942939e-01
 2.52981298e+02 2.49806187e-01 5.94621618e+01 6.40586321e+02
 7.04456038e+02 4.70184645e+01 9.56758795e+01]
2025-08-16 07:23:36,263 - pyswarms.single.global_best - INFO - Optimize for 1 iters with {'c1': 1.5, 'c2': 1.8, 'w': 0.62}
2025-08-16 07:30:24,553 - pyswarms.single.global_best - INFO - Optimization finished | best cost: -0.22743706399757357, best pos: [1.48896592e+03 1.57228363e+01 2.59003369e-01 4.27456088e-01
 7.03753559e-01 5.37222551e-01 1.28419399e-01 4.10748513e-01
 3.99871921e+02 2.45165194e-01 5.84732976e+01 8.70780976e+02
 3.26385751e+02 1.50698572e+01 3.82812762e+02]
2025-08-16 07:30:24,555 - pyswarms.single.global_best - INFO - Optimize for 1 iters with {'c1': 1.5, 'c2': 1.8, 'w': 0.615}
2025-08-16 07:37:49,414 - pyswarms.single.global_best - INFO - Optimization finished | best cost: -0.22743706399757357, best pos: [7.10403927e+02 1.56479620e+01 2.59537148e-01 4.97025496e-01
 8.79776596e-01 5.30314722e-01 3.26062453e-01 1.79565635e+00
 4.10069287e+02 2.41858068e-01 5.77055712e+01 5.61037268e+02
 4.67661069e+02 4.69535678e+01 3.98404211e+02]
2025-08-16 07:37:49,416 - pyswarms.single.global_best - INFO - Optimize for 1 iters with {'c1': 1.5, 'c2': 1.8, 'w': 0.6100000000000001}
2025-08-16 07:46:17,791 - pyswarms.single.global_best - INFO - Optimization finished | best cost: -0.22743706399757357, best pos: [2.07923614e+03 1.56406121e+01 2.63326582e-01 5.21452588e-01
 6.90874437e-01 5.64362135e-01 5.12395815e-01 6.17712305e+00
 3.06508136e+02 2.42740344e-01 5.82065502e+01 3.80023513e+02
 4.16217522e+02 2.99122687e+00 2.22816398e+02]
2025-08-16 07:46:17,793 - pyswarms.single.global_best - INFO - Optimize for 1 iters with {'c1': 1.5, 'c2': 1.8, 'w': 0.605}
2025-08-16 07:53:57,500 - pyswarms.single.global_best - INFO - Optimization finished | best cost: -0.22743706399757357, best pos: [2.96537263e+03 1.56771415e+01 2.64979010e-01 5.02172552e-01
 5.52782017e-01 6.54336644e-01 4.50643850e-01 5.48576170e+00
 2.53253592e+02 2.43542738e-01 5.85233711e+01 4.68952367e+02
 5.73705853e+02 2.81035172e+01 6.23845499e+01]
2025-08-16 07:53:57,501 - pyswarms.single.global_best - INFO - Optimize for 1 iters with {'c1': 1.5, 'c2': 1.8, 'w': 0.6000000000000001}
2025-08-16 08:02:03,091 - pyswarms.single.global_best - INFO - Optimization finished | best cost: -0.22743706399757357, best pos: [2.02552902e+03 1.67946466e+01 2.63245785e-01 4.66567794e-01
 8.86088872e-01 7.27464358e-01 8.88189089e-01 5.48994059e+00
 3.28099841e+02 7.89836041e-01 5.84136329e+01 2.22195661e+02
 6.36695764e+00 3.08138627e+00 3.97431133e+02]
2025-08-16 08:02:03,092 - pyswarms.single.global_best - INFO - Optimize for 1 iters with {'c1': 1.5, 'c2': 1.8, 'w': 0.595}
2025-08-16 08:09:19,663 - pyswarms.single.global_best - INFO - Optimization finished | best cost: -0.22743706399757357, best pos: [2.23038736e+03 1.57030382e+01 2.59633704e-01 4.32483500e-01
 7.33057739e-01 2.60092048e-01 3.33297575e-01 2.62708704e+00
 3.75018412e+02 2.43657845e-01 5.86251395e+01 4.68077192e+02
 2.97696734e+02 1.75404116e+01 4.61911308e+02]
2025-08-16 08:09:19,665 - pyswarms.single.global_best - INFO - Optimize for 1 iters with {'c1': 1.5, 'c2': 1.8, 'w': 0.5900000000000001}
2025-08-16 08:16:24,395 - pyswarms.single.global_best - INFO - Optimization finished | best cost: -0.22743706399757357, best pos: [5.60714034e+02 1.56884985e+01 2.61355691e-01 4.42410362e-01
 7.33267831e-01 9.89787674e-01 3.10356896e-01 8.83150718e+00
 3.91142689e+02 2.43348948e-01 5.83124542e+01 8.36304870e+02
 4.66931169e+02 3.03192277e+00 4.47323584e+02]
2025-08-16 08:16:24,396 - pyswarms.single.global_best - INFO - Optimize for 1 iters with {'c1': 1.5, 'c2': 1.8, 'w': 0.585}
2025-08-16 08:24:55,008 - pyswarms.single.global_best - INFO - Optimization finished | best cost: -0.22743706399757357, best pos: [9.21624166e+02 1.56677647e+01 2.62789129e-01 4.81664423e-01
 7.03190020e-01 4.51778142e-01 6.18772287e-01 8.72206509e+00
 3.45797427e+02 2.43419997e-01 5.81825249e+01 9.73055467e+02
 4.10969398e+02 1.56484108e+01 3.74729610e+02]
2025-08-16 08:24:55,010 - pyswarms.single.global_best - INFO - Optimize for 1 iters with {'c1': 1.5, 'c2': 1.8, 'w': 0.5800000000000001}
2025-08-16 08:32:31,603 - pyswarms.single.global_best - INFO - Optimization finished | best cost: -0.22743706399757357, best pos: [3.73621571e+02 1.56589031e+01 2.62819600e-01 4.97518638e-01
 6.46962874e-01 7.92602747e-01 6.90213438e-01 4.70259535e+00
 3.20310357e+02 2.43617905e-01 5.81318598e+01 3.25162086e+02
 2.97762853e+02 3.37645268e+01 3.42376899e+02]
2025-08-16 08:32:31,605 - pyswarms.single.global_best - INFO - Optimize for 1 iters with {'c1': 1.5, 'c2': 1.8, 'w': 0.575}
2025-08-16 08:39:33,924 - pyswarms.single.global_best - INFO - Optimization finished | best cost: -0.22743706399757357, best pos: [4.89513864e+02 1.56617160e+01 2.62549972e-01 4.92698122e-01
 6.38414122e-01 2.05223077e-01 7.74586585e-01 2.74467680e+00
 3.28449025e+02 2.43641825e-01 5.82506743e+01 2.55286940e+02
 3.19467014e+02 1.62287718e+01 3.89691438e+02]
2025-08-16 08:39:33,926 - pyswarms.single.global_best - INFO - Optimize for 1 iters with {'c1': 1.5, 'c2': 1.8, 'w': 0.5700000000000001}
2025-08-16 08:46:42,462 - pyswarms.single.global_best - INFO - Optimization finished | best cost: -0.22743706399757357, best pos: [1.01917332e+03 1.56660980e+01 2.62262354e-01 4.68876077e-01
 6.40874729e-01 5.75066203e-01 9.24650204e-01 7.81275253e+00
 3.68063294e+02 2.43542946e-01 5.84515369e+01 6.17565237e+02
 3.41538851e+02 2.47153901e+01 4.26245518e+02]
2025-08-16 08:46:42,463 - pyswarms.single.global_best - INFO - Optimize for 1 iters with {'c1': 1.5, 'c2': 1.8, 'w': 0.565}
2025-08-16 08:54:59,766 - pyswarms.single.global_best - INFO - Optimization finished | best cost: -0.23124860984733595, best pos: [2.29648030e+03 1.01194204e+01 2.62247140e-01 4.66080589e-01
 6.77445123e-01 8.55106338e-01 1.61183791e-01 7.38633353e+00
 3.51095889e+02 2.39451349e-01 5.83231122e+01 2.22973229e+02
 4.87246288e+00 1.37227975e+00 3.97646006e+02]
2025-08-16 08:54:59,767 - pyswarms.single.global_best - INFO - Optimize for 1 iters with {'c1': 1.5, 'c2': 1.8, 'w': 0.56}
2025-08-16 09:02:39,233 - pyswarms.single.global_best - INFO - Optimization finished | best cost: -0.23124860984733595, best pos: [1.72522983e+03 1.21544496e+01 2.61975684e-01 4.50584048e-01
 6.76329537e-01 9.41329829e-01 5.34508766e-01 2.32738559e+00
 3.70126333e+02 2.42163741e-01 5.82809698e+01 4.76810803e+02
 7.13140153e+02 4.75599281e+00 3.93042972e+02]
2025-08-16 09:02:39,235 - pyswarms.single.global_best - INFO - Optimize for 1 iters with {'c1': 1.5, 'c2': 1.8, 'w': 0.555}
2025-08-16 09:09:45,386 - pyswarms.single.global_best - INFO - Optimization finished | best cost: -0.23124860984733595, best pos: [1.40010541e+03 9.65781316e+00 2.62317393e-01 4.50633927e-01
 6.84486475e-01 2.49529580e-01 5.94850600e-01 3.56993160e-01
 3.48965870e+02 2.37190408e-01 5.82321512e+01 1.49163083e+02
 1.14111535e+02 3.01304597e+01 3.76010536e+02]
2025-08-16 09:09:45,387 - pyswarms.single.global_best - INFO - Optimize for 1 iters with {'c1': 1.5, 'c2': 1.8, 'w': 0.55}
2025-08-16 09:17:10,262 - pyswarms.single.global_best - INFO - Optimization finished | best cost: -0.23124860984733595, best pos: [1.48367740e+03 8.71675407e+00 2.62385025e-01 4.67543800e-01
 6.83588233e-01 5.39664627e-01 2.75637421e-01 5.97918110e+00
 3.39831512e+02 2.34612913e-01 5.82752557e+01 5.88502833e+00
 1.78444460e+02 4.54884928e+01 4.01174835e+02]
2025-08-16 09:17:10,263 - pyswarms.single.global_best - INFO - Optimize for 1 iters with {'c1': 1.5, 'c2': 1.8, 'w': 0.545}
2025-08-16 09:25:41,634 - pyswarms.single.global_best - INFO - Optimization finished | best cost: -0.23124860984733595, best pos: [7.44112909e+02 8.87302823e+00 2.62307348e-01 4.74594787e-01
 6.80583552e-01 2.54462832e-01 3.57563755e-01 6.50053501e+00
 3.48823746e+02 2.38501113e-01 5.83572844e+01 8.66226163e+00
 4.68527950e+02 3.25723109e+01 4.14805800e+02]
2025-08-16 09:25:41,635 - pyswarms.single.global_best - INFO - Optimize for 1 iters with {'c1': 1.5, 'c2': 1.8, 'w': 0.54}
2025-08-16 09:33:38,053 - pyswarms.single.global_best - INFO - Optimization finished | best cost: -0.23124860984733595, best pos: [7.98272252e+02 1.05660723e+01 2.62219511e-01 4.65978243e-01
 6.74022837e-01 7.35060987e-01 5.33616524e-01 3.17265506e+00
 3.56223352e+02 2.41544468e-01 5.83600911e+01 9.72988545e+01
 6.07701841e+01 4.45464084e+01 4.16973368e+02]
2025-08-16 09:33:38,054 - pyswarms.single.global_best - INFO - Optimize for 1 iters with {'c1': 1.5, 'c2': 1.8, 'w': 0.535}
2025-08-16 09:42:45,844 - pyswarms.single.global_best - INFO - Optimization finished | best cost: -0.23124860984733595, best pos: [2.03137421e+03 1.10268935e+01 2.62215910e-01 4.61373227e-01
 6.72210654e-01 6.88895019e-01 9.60050721e-01 3.87572530e+00
 3.60083849e+02 2.39571098e-01 5.82973758e+01 2.74034679e+02
 8.28316930e+02 9.69343498e+00 3.87441241e+02]
2025-08-16 09:42:45,845 - pyswarms.single.global_best - INFO - Optimize for 1 iters with {'c1': 1.5, 'c2': 1.8, 'w': 0.53}
2025-08-16 09:51:07,719 - pyswarms.single.global_best - INFO - Optimization finished | best cost: -0.23124860984733595, best pos: [1.68913556e+03 1.12403288e+01 2.62239312e-01 4.62548569e-01
 6.73833753e-01 4.10042900e-01 8.15570884e-01 2.67808268e+00
 3.46242527e+02 2.38372273e-01 5.82898659e+01 2.83198684e+02
 2.09531422e+02 1.20588615e+01 3.88523179e+02]
2025-08-16 09:51:07,721 - pyswarms.single.global_best - INFO - Optimize for 1 iters with {'c1': 1.5, 'c2': 1.8, 'w': 0.525}
2025-08-16 10:00:13,251 - pyswarms.single.global_best - INFO - Optimization finished | best cost: -0.23124860984733595, best pos: [9.52665007e+02 9.47203984e+00 2.62263176e-01 4.63491873e-01
 6.77859878e-01 8.62277367e-01 2.72080259e-01 4.35057888e+00
 3.44347491e+02 2.38062449e-01 5.82909370e+01 2.76737500e+02
 6.78033199e+02 3.22630398e+01 3.94935268e+02]
2025-08-16 10:00:13,252 - pyswarms.single.global_best - INFO - Optimize for 1 iters with {'c1': 1.5, 'c2': 1.8, 'w': 0.52}
2025-08-16 10:09:18,547 - pyswarms.single.global_best - INFO - Optimization finished | best cost: -0.23124860984733595, best pos: [1.04872919e+03 9.29251085e+00 2.62269692e-01 4.64414107e-01
 6.79550070e-01 1.94188380e-01 3.35008724e-01 7.41491179e-01
 3.55219802e+02 2.38526442e-01 5.83411247e+01 1.79893487e+02
 9.42900078e+02 4.56413311e+01 4.01586146e+02]
2025-08-16 10:09:18,549 - pyswarms.single.global_best - INFO - Optimize for 1 iters with {'c1': 1.5, 'c2': 1.8, 'w': 0.515}
2025-08-16 10:18:50,945 - pyswarms.single.global_best - INFO - Optimization finished | best cost: -0.23124860984733595, best pos: [7.50070739e+02 1.02297903e+01 2.62247131e-01 4.65062974e-01
 6.77032854e-01 1.59570918e-01 7.57856498e-01 4.88908228e+00
 3.59062547e+02 2.38955301e-01 5.83522566e+01 1.60303291e+02
 3.99750115e+02 1.58468539e+01 4.02266920e+02]
2025-08-16 10:18:50,947 - pyswarms.single.global_best - INFO - Optimize for 1 iters with {'c1': 1.5, 'c2': 1.8, 'w': 0.51}
2025-08-16 10:28:46,221 - pyswarms.single.global_best - INFO - Optimization finished | best cost: -0.23124860984733595, best pos: [1.84965452e+03 1.06953163e+01 2.62235527e-01 4.67091600e-01
 6.76300144e-01 4.42208014e-01 6.71896880e-01 9.77700009e+00
 3.52053081e+02 2.39741101e-01 5.83296342e+01 1.69978680e+02
 3.84522336e+02 1.16518889e+01 4.02018641e+02]
2025-08-16 10:28:46,222 - pyswarms.single.global_best - INFO - Optimize for 1 iters with {'c1': 1.5, 'c2': 1.8, 'w': 0.505}
2025-08-16 10:38:11,603 - pyswarms.single.global_best - INFO - Optimization finished | best cost: -0.23124860984733595, best pos: [2.07010844e+03 1.01358046e+01 2.62421156e-01 4.66082216e-01
 6.77446040e-01 3.21526632e-01 6.27232636e-01 9.53538240e+00
 3.53933575e+02 2.39490868e-01 5.75189128e+01 2.22959601e+02
 2.38388525e+01 1.43200312e+00 3.97634358e+02]
2025-08-16 10:38:11,604 - pyswarms.single.global_best - INFO - Optimize for 1 iters with {'c1': 1.5, 'c2': 1.8, 'w': 0.5}
2025-08-16 10:47:30,529 - pyswarms.single.global_best - INFO - Optimization finished | best cost: -0.23124860984733595, best pos: [3.24393116e+02 9.87466973e+00 2.62253434e-01 4.65358553e-01
 6.77849163e-01 4.63196308e-01 3.51511162e-01 7.23260385e+00
 3.47590581e+02 2.39374875e-01 5.83073412e+01 2.43428175e+02
 4.48420096e+02 2.06947928e+01 3.95724048e+02]
2025-08-16 10:47:30,531 - pyswarms.single.global_best - INFO - Optimize for 1 iters with {'c1': 1.5, 'c2': 1.8, 'w': 0.495}
2025-08-16 10:57:36,470 - pyswarms.single.global_best - INFO - Optimization finished | best cost: -0.23379840258821152, best pos: [2.41152559e+03 9.26616713e+00 2.62245563e-01 4.66085102e-01
 6.76984340e-01 8.54668224e-01 9.32758738e-01 7.27249666e+00
 3.51135210e+02 8.07540929e-01 5.83239027e+01 2.26790773e+02
 7.29667697e+00 4.96281204e-01 3.97074962e+02]
2025-08-16 10:57:36,471 - pyswarms.single.global_best - INFO - Optimize for 1 iters with {'c1': 1.5, 'c2': 1.8, 'w': 0.49000000000000005}
2025-08-16 11:06:34,563 - pyswarms.single.global_best - INFO - Optimization finished | best cost: -0.23379840258821152, best pos: [5.12129262e+02 9.08304347e+00 2.62242750e-01 4.65987724e-01
 6.77268659e-01 3.10949532e-01 4.61605973e-01 7.13914612e+00
 3.49731749e+02 7.03160956e-01 5.83414446e+01 2.16492328e+02
 5.17120909e+02 1.14902334e+01 3.97384059e+02]
2025-08-16 11:06:34,565 - pyswarms.single.global_best - INFO - Optimize for 1 iters with {'c1': 1.5, 'c2': 1.8, 'w': 0.48500000000000004}
2025-08-16 11:17:13,085 - pyswarms.single.global_best - INFO - Optimization finished | best cost: -0.23379840258821152, best pos: [2.53632688e+03 8.84659334e+00 2.62240192e-01 4.66303433e-01
 6.77062983e-01 8.83472145e-01 6.45801862e-01 7.42776480e+00
 3.51701295e+02 9.63891807e-01 5.83271647e+01 2.23190922e+02
 2.82009422e+02 1.52493639e+01 3.98156557e+02]
2025-08-16 11:17:13,086 - pyswarms.single.global_best - INFO - Optimize for 1 iters with {'c1': 1.5, 'c2': 1.8, 'w': 0.48000000000000004}
2025-08-16 11:27:20,163 - pyswarms.single.global_best - INFO - Optimization finished | best cost: -0.23379840258821152, best pos: [3.69267055e+02 8.98413969e+00 2.62243873e-01 4.66422168e-01
 6.76872983e-01 2.13665771e-01 9.82786891e-01 7.50261883e+00
 3.51951091e+02 8.17983578e-01 5.83180936e+01 2.32152302e+02
 3.77520495e+02 2.55248905e+01 3.96654073e+02]
2025-08-16 11:27:20,165 - pyswarms.single.global_best - INFO - Optimize for 1 iters with {'c1': 1.5, 'c2': 1.8, 'w': 0.47500000000000003}
2025-08-16 11:37:50,825 - pyswarms.single.global_best - INFO - Optimization finished | best cost: -0.23379840258821152, best pos: [2.96263001e+03 9.18433467e+00 2.62245978e-01 4.66106537e-01
 6.76912709e-01 7.87758736e-01 2.30488198e-01 7.13842844e+00
 3.51359752e+02 7.33092212e-01 5.83228726e+01 2.33459127e+02
 6.24558262e+02 2.57934149e+01 3.96680100e+02]
2025-08-16 11:37:50,827 - pyswarms.single.global_best - INFO - Optimize for 1 iters with {'c1': 1.5, 'c2': 1.8, 'w': 0.47000000000000003}
2025-08-16 11:48:12,116 - pyswarms.single.global_best - INFO - Optimization finished | best cost: -0.23379840258821152, best pos: [9.95763245e+02 9.33454234e+00 2.62246605e-01 4.65946319e-01
 6.76990477e-01 1.95265053e-01 5.29732790e-01 7.00049120e+00
 3.50772747e+02 7.00969157e-01 5.83254165e+01 2.25172875e+02
 1.71590425e+02 1.63264318e+01 3.96950186e+02]
2025-08-16 11:48:12,118 - pyswarms.single.global_best - INFO - Optimize for 1 iters with {'c1': 1.5, 'c2': 1.8, 'w': 0.465}
2025-08-16 11:58:46,402 - pyswarms.single.global_best - INFO - Optimization finished | best cost: -0.23379840258821152, best pos: [2.95806025e+03 9.36185535e+00 2.62245067e-01 4.66008202e-01
 6.77023905e-01 1.88236077e-01 9.88758806e-01 7.13537900e+00
 3.50833673e+02 8.17150069e-01 5.83252197e+01 2.22078700e+02
 2.14015319e+02 1.46343777e+01 3.97251749e+02]
2025-08-16 11:58:46,405 - pyswarms.single.global_best - INFO - Optimize for 1 iters with {'c1': 1.5, 'c2': 1.8, 'w': 0.46}
2025-08-16 12:09:40,017 - pyswarms.single.global_best - INFO - Optimization finished | best cost: -0.23379840258821152, best pos: [4.62538780e+02 9.28402404e+00 2.62244449e-01 4.66096921e-01
 6.76986477e-01 8.95056306e-01 2.09265428e-01 7.42991885e+00
 3.51345226e+02 8.57294914e-01 5.83232301e+01 2.21759627e+02
 3.99415670e+02 2.60005382e+01 3.97127019e+02]
2025-08-16 12:09:40,018 - pyswarms.single.global_best - INFO - Optimize for 1 iters with {'c1': 1.5, 'c2': 1.8, 'w': 0.455}
2025-08-16 12:19:36,506 - pyswarms.single.global_best - INFO - Optimization finished | best cost: -0.23379840258821152, best pos: [4.39149969e+02 9.22235082e+00 2.62244635e-01 4.66125184e-01
 6.76968870e-01 6.79807090e-01 5.22667134e-01 7.42231007e+00
 3.51309318e+02 7.89802073e-01 5.83225006e+01 2.22333720e+02
 4.64210846e+02 3.89711570e+01 3.97059163e+02]
2025-08-16 12:19:36,507 - pyswarms.single.global_best - INFO - Optimize for 1 iters with {'c1': 1.5, 'c2': 1.8, 'w': 0.45}
2025-08-16 12:30:18,652 - pyswarms.single.global_best - INFO - Optimization finished | best cost: -0.23379840258821152, best pos: [1.16744139e+03 9.26266737e+00 2.62246272e-01 4.66123791e-01
 6.76970215e-01 3.51925373e-01 1.16894082e-01 7.40599893e+00
 3.50991719e+02 7.83851299e-01 5.83222558e+01 2.25265413e+02
 6.68345945e+02 1.46405038e+01 3.97040371e+02]
2025-08-16 12:30:18,653 - pyswarms.single.global_best - INFO - Optimize for 1 iters with {'c1': 1.5, 'c2': 1.8, 'w': 0.445}
2025-08-16 12:42:15,429 - pyswarms.single.global_best - INFO - Optimization finished | best cost: -0.23379840258821152, best pos: [5.27918854e+02 9.28370881e+00 2.62246444e-01 4.66107718e-01
 6.76975582e-01 7.83676291e-01 5.91607344e-01 7.35403459e+00
 3.51026278e+02 8.19345938e-01 5.83228291e+01 2.26724790e+02
 7.04707000e+01 1.78489702e+01 3.97037711e+02]
2025-08-16 12:42:15,432 - pyswarms.single.global_best - INFO - Optimize for 1 iters with {'c1': 1.5, 'c2': 1.8, 'w': 0.44}
2025-08-16 12:53:47,911 - pyswarms.single.global_best - INFO - Optimization finished | best cost: -0.23379840258821152, best pos: [7.77562263e+02 9.27526435e+00 2.62245529e-01 4.66097856e-01
 6.76988050e-01 9.89701031e-01 3.83731213e-01 7.31171115e+00
 3.51059385e+02 8.20061901e-01 5.83234635e+01 2.27383798e+02
 8.02546663e+02 3.96989371e+01 3.97056286e+02]
2025-08-16 12:53:47,912 - pyswarms.single.global_best - INFO - Optimize for 1 iters with {'c1': 1.5, 'c2': 1.8, 'w': 0.435}
2025-08-16 13:05:05,931 - pyswarms.single.global_best - INFO - Optimization finished | best cost: -0.23379840258821152, best pos: [2.41199075e+03 9.26530133e+00 2.62238061e-01 4.66085074e-01
 6.76950375e-01 8.54393787e-01 2.18747915e-01 2.26351722e+00
 3.51145879e+02 8.07910148e-01 5.83238994e+01 2.26796363e+02
 1.78259883e+00 4.16714302e-01 5.02088604e+01]
2025-08-16 13:05:05,932 - pyswarms.single.global_best - INFO - Optimize for 1 iters with {'c1': 1.5, 'c2': 1.8, 'w': 0.43000000000000005}
2025-08-16 13:16:49,863 - pyswarms.single.global_best - INFO - Optimization finished | best cost: -0.23379840258821152, best pos: [2.51882236e+02 9.25627638e+00 2.62245244e-01 4.66078831e-01
 6.76987530e-01 8.14303680e-01 2.79779878e-01 7.22893281e+00
 3.51158030e+02 8.00970163e-01 5.83246016e+01 2.26968104e+02
 8.11309472e+02 3.34267203e+01 3.97082136e+02]
2025-08-16 13:16:49,865 - pyswarms.single.global_best - INFO - Optimize for 1 iters with {'c1': 1.5, 'c2': 1.8, 'w': 0.42500000000000004}
2025-08-16 13:28:22,022 - pyswarms.single.global_best - INFO - Optimization finished | best cost: -0.23379840258821152, best pos: [1.95904873e+03 9.27266197e+00 2.62245777e-01 4.66079312e-01
 6.76982276e-01 7.75452803e-01 2.74681731e-01 7.29130093e+00
 3.51141839e+02 7.97104464e-01 5.83243468e+01 2.26598889e+02
 2.53499175e+02 3.07302094e+01 3.97068366e+02]
2025-08-16 13:28:22,023 - pyswarms.single.global_best - INFO - Optimize for 1 iters with {'c1': 1.5, 'c2': 1.8, 'w': 0.42000000000000004}
2025-08-16 13:52:34,180 - pyswarms.single.global_best - INFO - Optimization finished | best cost: -0.23379840258821152, best pos: [2.87825326e+03 9.27911153e+00 2.62245991e-01 4.66080719e-01
 6.76980218e-01 8.57403601e-01 2.53629230e-01 7.30220456e+00
 3.51130634e+02 7.98086692e-01 5.83234651e+01 2.26698164e+02
 5.74206116e+02 1.74599356e+00 3.97073325e+02]
2025-08-16 13:52:34,182 - pyswarms.single.global_best - INFO - Optimize for 1 iters with {'c1': 1.5, 'c2': 1.8, 'w': 0.41500000000000004}
2025-08-16 18:53:01,009 - pyswarms.single.global_best - INFO - Optimization finished | best cost: -0.23379840258821152, best pos: [5.93956541e+01 9.26688109e+00 2.62245537e-01 4.66082431e-01
 6.76982706e-01 8.89358863e-01 6.11186659e-01 7.30118195e+00
 3.51134136e+02 8.10333691e-01 5.83238540e+01 2.26819715e+02
 1.56063200e+02 3.77811776e+01 3.97077100e+02]
2025-08-16 18:53:01,011 - pyswarms.single.global_best - INFO - Optimize for 1 iters with {'c1': 1.5, 'c2': 1.8, 'w': 0.41000000000000003}
2025-08-16 19:32:03,460 - pyswarms.single.global_best - INFO - Optimization finished | best cost: -0.23379840258821152, best pos: [2.34919034e+03 9.26093781e+00 2.62245364e-01 4.66086493e-01
 6.76984075e-01 8.75893804e-01 2.94895686e-01 7.25774750e+00
 3.51136876e+02 8.11666553e-01 5.83240586e+01 2.26846458e+02
 7.47984579e+02 1.18987503e+01 3.97074835e+02]
2025-08-16 19:32:03,461 - pyswarms.single.global_best - INFO - Optimize for 1 iters with {'c1': 1.5, 'c2': 1.8, 'w': 0.405}
2025-08-16 21:01:59,967 - pyswarms.single.global_best - INFO - Optimization finished | best cost: -0.23379840258821152, best pos: [3.78169885e+02 9.26593309e+00 2.62245481e-01 4.66087807e-01
 6.76985063e-01 8.41708458e-01 6.25621768e-01 7.26264914e+00
 3.51136300e+02 8.10404899e-01 5.83241063e+01 2.26813933e+02
 4.45799359e+02 4.87567439e+01 3.97073987e+02]
2025-08-16 21:01:59,969 - pyswarms.single.global_best - INFO - Optimize for 1 iters with {'c1': 1.5, 'c2': 1.8, 'w': 0.4}
2025-08-16 21:17:56,911 - pyswarms.single.global_best - INFO - Optimization finished | best cost: -0.23379840258821152, best pos: [2.96361756e+03 9.26837091e+00 2.62245580e-01 4.66083797e-01
 6.76984875e-01 8.31159062e-01 3.62540009e-01 7.27210852e+00
 3.51134472e+02 8.08325618e-01 5.83239539e+01 2.26767708e+02
 2.49963747e+02 4.99693093e+00 3.97074190e+02]
